#!/usr/bin/env sh

output="$(pacmd list-source-output | \
grep '^\s*\(index:\|application.name =\|application.process.binary =\) ' | \
sed 's/^\s*\(index:\|application.name =\|application.process.binary =\) //g' | \
xargs -L 3 echo | \
dmenu_center --rest -i -t -p 'output' -sb '#F24130' -l 10 | \
cut -d' ' -f1)"

if [ "$output" = '' ]; then
	exit 1
fi

source="$(pacmd list-sources | \
grep  '^\s*\(\(\* \)\?index:\|alsa.card_name =\)' | \
sed 's/^\s*\(\(\* \)\?index:\|alsa.card_name =\) //g' | \
sed 's/ <.*>//g' | \
xargs -L 2 echo | \
dmenu_center --rest -i -t -p 'source' -sb '#F24130' -l 10 | \
cut -d' ' -f1)"

if [ "$source" = '' ]; then
	exit 2
fi

pacmd move-source-output "$output" "$source"
